<?xml version="1.0" encoding="UTF-8"?>
<!-- Generated by org.testng.reporters.JUnitReportReporter -->
<testsuite hostname="Mohs-MacBook-Pro.local" failures="0" tests="1" name="Parameters.ParemeterDemo" time="0.008" errors="0" timestamp="2022-04-05T18:50:16 PDT" skipped="0">
  <testcase classname="Parameters.ParemeterDemo" name="f" time="0.008"/>
  <system-out/>
</testsuite> <!-- Parameters.ParemeterDemo -->
