<?xml version="1.0" encoding="UTF-8"?>
<!-- Generated by org.testng.reporters.JUnitReportReporter -->
<testsuite hostname="Mohs-MacBook-Pro.local" failures="0" tests="1" name="NgDemo" time="0.013" errors="0" timestamp="2022-03-28T23:20:41 PDT" skipped="0">
  <testcase classname="NgDemo" name="display" time="0.013"/>
  <system-out/>
</testsuite> <!-- NgDemo -->
